-------------------------------------------------------------------------------
Test set: com.example.demo.DemoApplicationTests
-------------------------------------------------------------------------------
Tests run: 1, Failures: 0, Errors: 1, Skipped: 0, Time elapsed: 5.201 s <<< FAILURE! - in com.example.demo.DemoApplicationTests
contextLoads  Time elapsed: 0.014 s  <<< ERROR!
java.lang.IllegalStateException: Failed to load ApplicationContext
Caused by: org.springframework.beans.factory.UnsatisfiedDependencyException: Error creating bean with name 'nodeController': Unsatisfied dependency expressed through field 'nodeRelationService'; nested exception is org.springframework.beans.factory.UnsatisfiedDependencyException: Error creating bean with name 'nodeRelationService': Unsatisfied dependency expressed through field 'nodeRelationRepo'; nested exception is org.springframework.beans.factory.BeanCreationException: Error creating bean with name 'nodeRelationRepo' defined in com.example.demo.dao.NodeRelationRepo defined in @EnableJpaRepositories declared on JpaRepositoriesRegistrar.EnableJpaRepositoriesConfiguration: Invocation of init method failed; nested exception is org.springframework.data.repository.query.QueryCreationException: Could not create query for public abstract java.util.List com.example.demo.dao.NodeRelationRepo.findnodeId2BynodeId1(int); Reason: Failed to create query for method public abstract java.util.List com.example.demo.dao.NodeRelationRepo.findnodeId2BynodeId1(int)! No property 'findnodeId2BynodeId1' found for type 'NodeRelation'; nested exception is java.lang.IllegalArgumentException: Failed to create query for method public abstract java.util.List com.example.demo.dao.NodeRelationRepo.findnodeId2BynodeId1(int)! No property 'findnodeId2BynodeId1' found for type 'NodeRelation'
Caused by: org.springframework.beans.factory.UnsatisfiedDependencyException: Error creating bean with name 'nodeRelationService': Unsatisfied dependency expressed through field 'nodeRelationRepo'; nested exception is org.springframework.beans.factory.BeanCreationException: Error creating bean with name 'nodeRelationRepo' defined in com.example.demo.dao.NodeRelationRepo defined in @EnableJpaRepositories declared on JpaRepositoriesRegistrar.EnableJpaRepositoriesConfiguration: Invocation of init method failed; nested exception is org.springframework.data.repository.query.QueryCreationException: Could not create query for public abstract java.util.List com.example.demo.dao.NodeRelationRepo.findnodeId2BynodeId1(int); Reason: Failed to create query for method public abstract java.util.List com.example.demo.dao.NodeRelationRepo.findnodeId2BynodeId1(int)! No property 'findnodeId2BynodeId1' found for type 'NodeRelation'; nested exception is java.lang.IllegalArgumentException: Failed to create query for method public abstract java.util.List com.example.demo.dao.NodeRelationRepo.findnodeId2BynodeId1(int)! No property 'findnodeId2BynodeId1' found for type 'NodeRelation'
Caused by: org.springframework.beans.factory.BeanCreationException: Error creating bean with name 'nodeRelationRepo' defined in com.example.demo.dao.NodeRelationRepo defined in @EnableJpaRepositories declared on JpaRepositoriesRegistrar.EnableJpaRepositoriesConfiguration: Invocation of init method failed; nested exception is org.springframework.data.repository.query.QueryCreationException: Could not create query for public abstract java.util.List com.example.demo.dao.NodeRelationRepo.findnodeId2BynodeId1(int); Reason: Failed to create query for method public abstract java.util.List com.example.demo.dao.NodeRelationRepo.findnodeId2BynodeId1(int)! No property 'findnodeId2BynodeId1' found for type 'NodeRelation'; nested exception is java.lang.IllegalArgumentException: Failed to create query for method public abstract java.util.List com.example.demo.dao.NodeRelationRepo.findnodeId2BynodeId1(int)! No property 'findnodeId2BynodeId1' found for type 'NodeRelation'
Caused by: org.springframework.data.repository.query.QueryCreationException: Could not create query for public abstract java.util.List com.example.demo.dao.NodeRelationRepo.findnodeId2BynodeId1(int); Reason: Failed to create query for method public abstract java.util.List com.example.demo.dao.NodeRelationRepo.findnodeId2BynodeId1(int)! No property 'findnodeId2BynodeId1' found for type 'NodeRelation'; nested exception is java.lang.IllegalArgumentException: Failed to create query for method public abstract java.util.List com.example.demo.dao.NodeRelationRepo.findnodeId2BynodeId1(int)! No property 'findnodeId2BynodeId1' found for type 'NodeRelation'
Caused by: java.lang.IllegalArgumentException: Failed to create query for method public abstract java.util.List com.example.demo.dao.NodeRelationRepo.findnodeId2BynodeId1(int)! No property 'findnodeId2BynodeId1' found for type 'NodeRelation'
Caused by: org.springframework.data.mapping.PropertyReferenceException: No property 'findnodeId2BynodeId1' found for type 'NodeRelation'

